2017-03-16 01:25:09 erro de iniciante
2017-03-16 23:53:19 Meu Objeto log não encontrado.
2017-03-17 00:23:57 Meu Objeto log não encontrado.
2017-03-17 00:23:58 Meu Objeto log não encontrado.
2017-03-17 00:42:05 Meu Objeto log não encontrado.
2017-03-17 01:24:44 Scripts de inicialização ...ok!
2017-03-17 01:24:44 Error: Template not found.
2017-03-17 01:24:44 Error: Template not found.
2017-03-17 02:18:09 Scripts de inicialização ...ok!
2017-03-17 02:18:09 Error: Template not found.
2017-03-17 02:18:09 Error: Template not found.
2017-03-17 02:21:02 Scripts de inicialização ...ok!
2017-03-17 02:22:10 Scripts de inicialização ...ok!
2017-03-17 02:22:11 Scripts de inicialização ...ok!
2017-03-17 02:22:33 Scripts de inicialização ...ok!
2017-03-17 02:22:34 Scripts de inicialização ...ok!
2017-03-17 02:22:51 Scripts de inicialização ...ok!
2017-03-17 02:23:16 Scripts de inicialização ...ok!
2017-03-17 02:28:57 Scripts de inicialização ...ok!
2017-03-17 03:20:52 Scripts de inicialização ...ok!
2017-03-18 00:12:09 Scripts de inicialização ...ok!
2017-03-18 19:30:34 Scripts de inicialização ...ok!
2017-03-18 20:00:33 Scripts de inicialização ...ok!
2017-03-19 22:42:25 Scripts de inicialização ...ok!
2017-03-19 22:42:55 Scripts de inicialização ...ok!
2017-03-20 00:36:21 Scripts de inicialização ...ok!
2017-03-20 00:38:33 Scripts de inicialização ...ok!
2017-03-20 20:40:35 Scripts de inicialização ...ok!
2017-03-20 20:47:28 Scripts de inicialização ...ok!
2017-03-20 20:50:12 Scripts de inicialização ...ok!
2017-03-20 20:50:48 Scripts de inicialização ...ok!
2017-03-20 20:51:07 Scripts de inicialização ...ok!
2017-03-20 20:51:07 Scripts de inicialização ...ok!
2017-03-20 20:52:03 Scripts de inicialização ...ok!
2017-03-20 20:52:41 Scripts de inicialização ...ok!
2017-03-20 20:52:42 Scripts de inicialização ...ok!
2017-03-20 20:54:48 Scripts de inicialização ...ok!
2017-03-20 20:55:13 Scripts de inicialização ...ok!
2017-03-20 21:00:17 Scripts de inicialização ...ok!
2017-03-21 00:11:19 Scripts de inicialização ...ok!
2017-03-21 00:12:29 Scripts de inicialização ...ok!
2017-03-21 00:12:31 Scripts de inicialização ...ok!
2017-03-21 00:12:32 Scripts de inicialização ...ok!
2017-03-21 00:13:51 Scripts de inicialização ...ok!
2017-03-21 00:13:52 Scripts de inicialização ...ok!
2017-03-21 00:13:52 Scripts de inicialização ...ok!
2017-03-21 00:14:18 Scripts de inicialização ...ok!
2017-03-21 00:15:30 Scripts de inicialização ...ok!
2017-03-21 00:16:31 Scripts de inicialização ...ok!
2017-03-21 00:18:05 Scripts de inicialização ...ok!
2017-04-04 20:45:09 Scripts de inicialização ...ok!
2017-04-04 21:05:23 Scripts de inicialização ...ok!
2017-04-04 21:18:33 Scripts de inicialização ...ok!
2017-04-04 21:18:35 Scripts de inicialização ...ok!
2017-04-04 21:18:36 Scripts de inicialização ...ok!
2017-04-04 21:19:10 Scripts de inicialização ...ok!
2017-04-04 21:19:12 Scripts de inicialização ...ok!
2017-04-04 21:22:38 Scripts de inicialização ...ok!
2017-04-04 21:41:16 Scripts de inicialização ...ok!
2017-04-04 21:41:43 Scripts de inicialização ...ok!
2017-04-04 21:52:02 Scripts de inicialização ...ok!
2017-04-04 21:52:26 Scripts de inicialização ...ok!
2017-04-04 21:54:09 Scripts de inicialização ...ok!
2017-04-04 21:55:21 Scripts de inicialização ...ok!
2017-04-04 21:55:21 arquivo template não encontrado
2017-04-04 21:56:45 Scripts de inicialização ...ok!
2017-04-04 21:56:45 arquivo template não encontrado
2017-04-04 21:56:46 Scripts de inicialização ...ok!
2017-04-04 21:56:46 arquivo template não encontrado
2017-04-04 21:58:48 Scripts de inicialização ...ok!
2017-04-04 21:58:48 Template /Users/euloucopoeta/Sites/pureflux/-tmp/teste.tpl.html não encontrado
2017-04-04 21:59:41 Scripts de inicialização ...ok!
2017-04-04 21:59:41 Template /Users/euloucopoeta/Sites/pureflux/-tmp/teste.tpl.html não encontrado
2017-04-04 21:59:42 Scripts de inicialização ...ok!
2017-04-04 21:59:42 Template /Users/euloucopoeta/Sites/pureflux/-tmp/teste.tpl.html não encontrado
2017-04-04 21:59:55 Scripts de inicialização ...ok!
2017-04-05 00:28:41 Scripts de inicialização ...ok!
2017-04-05 00:29:57 Scripts de inicialização ...ok!
2017-04-05 00:31:51 Scripts de inicialização ...ok!
2017-04-05 00:41:47 Scripts de inicialização ...ok!
2017-04-05 00:46:42 Scripts de inicialização ...ok!
2017-04-05 00:47:41 Scripts de inicialização ...ok!
2017-04-05 01:04:47 Scripts de inicialização ...ok!
2017-04-05 01:05:24 Scripts de inicialização ...ok!
2017-04-05 01:07:20 Scripts de inicialização ...ok!
2017-04-05 01:07:26 Scripts de inicialização ...ok!
2017-04-05 01:07:27 Scripts de inicialização ...ok!
2017-04-05 01:10:30 Scripts de inicialização ...ok!
2017-04-05 01:10:30 Sem blocos de código no template
2017-04-05 01:10:55 Scripts de inicialização ...ok!
2017-04-05 01:10:55 Sem blocos de código no template
2017-04-05 01:11:57 Scripts de inicialização ...ok!
2017-04-05 01:11:57 Sem blocos de código no template
2017-04-05 01:11:58 Scripts de inicialização ...ok!
2017-04-05 01:11:58 Sem blocos de código no template
2017-04-05 01:49:06 Scripts de inicialização ...ok!
2017-04-05 01:49:06 Sem blocos de código no template
2017-04-05 01:50:55 Scripts de inicialização ...ok!
2017-04-05 01:50:55 Sem blocos de código no template
2017-04-05 02:04:20 Scripts de inicialização ...ok!
2017-04-05 02:04:20 Sem blocos de código no template
2017-04-05 02:05:11 Scripts de inicialização ...ok!
2017-04-05 02:05:11 Sem blocos de código no template
2017-04-05 02:05:12 Scripts de inicialização ...ok!
2017-04-05 02:05:12 Sem blocos de código no template
2017-04-05 02:13:12 Scripts de inicialização ...ok!
2017-04-05 02:13:12 Sem blocos de código no template
2017-04-05 02:13:13 Scripts de inicialização ...ok!
2017-04-05 02:13:13 Sem blocos de código no template
2017-04-05 02:13:14 Scripts de inicialização ...ok!
2017-04-05 02:13:14 Sem blocos de código no template
2017-04-05 02:17:12 Scripts de inicialização ...ok!
2017-04-05 02:18:31 Scripts de inicialização ...ok!
2017-04-05 02:18:49 Scripts de inicialização ...ok!
2017-04-05 02:21:01 Scripts de inicialização ...ok!
2017-04-05 02:21:01 Sem blocos de código no template
2017-04-05 02:21:19 Scripts de inicialização ...ok!
2017-04-05 02:21:19 Sem blocos de código no template
2017-04-05 02:21:21 Scripts de inicialização ...ok!
2017-04-05 02:21:21 Sem blocos de código no template
2017-04-05 02:55:07 Scripts de inicialização ...ok!
2017-04-05 02:55:07 Sem blocos de código no template
2017-04-05 02:55:07 Scripts de inicialização ...ok!
2017-04-05 02:55:07 Sem blocos de código no template
2017-04-05 02:55:29 Scripts de inicialização ...ok!
2017-04-05 02:55:29 Sem blocos de código no template
2017-04-05 02:55:30 Scripts de inicialização ...ok!
2017-04-05 02:55:30 Sem blocos de código no template
2017-04-05 02:56:01 Scripts de inicialização ...ok!
2017-04-05 02:56:01 Sem blocos de código no template
2017-04-05 02:56:02 Scripts de inicialização ...ok!
2017-04-05 02:56:02 Sem blocos de código no template
2017-04-05 02:56:50 Scripts de inicialização ...ok!
2017-04-05 02:57:08 Scripts de inicialização ...ok!
2017-04-05 02:57:08 Sem blocos de código no template
2017-04-05 02:57:38 Scripts de inicialização ...ok!
2017-04-05 02:57:38 Sem blocos de código no template
2017-04-05 03:20:33 Scripts de inicialização ...ok!
2017-04-05 03:20:33 Sem blocos de código no template
2017-04-05 03:20:34 Scripts de inicialização ...ok!
2017-04-05 03:20:34 Sem blocos de código no template
2017-04-05 03:21:30 Scripts de inicialização ...ok!
2017-04-05 03:21:30 Sem blocos de código no template
2017-04-05 03:26:54 Scripts de inicialização ...ok!
2017-04-05 03:33:42 Scripts de inicialização ...ok!
2017-04-05 03:33:55 Scripts de inicialização ...ok!
2017-04-05 03:47:32 Scripts de inicialização ...ok!
2017-04-05 03:48:34 Scripts de inicialização ...ok!
2017-04-05 03:48:36 Scripts de inicialização ...ok!
2017-04-05 03:51:52 Scripts de inicialização ...ok!
2017-04-05 03:52:54 Scripts de inicialização ...ok!
2017-04-05 03:55:14 Scripts de inicialização ...ok!
2017-04-05 03:55:15 Scripts de inicialização ...ok!
2017-04-05 03:56:29 Scripts de inicialização ...ok!
2017-04-05 03:57:08 Scripts de inicialização ...ok!
2017-04-05 04:00:13 Scripts de inicialização ...ok!
2017-04-05 04:00:14 Scripts de inicialização ...ok!
2017-04-05 04:00:14 Scripts de inicialização ...ok!
2017-04-06 02:29:41 Scripts de inicialização ...ok!
2017-04-06 02:58:24 Scripts de inicialização ...ok!
2017-04-06 03:02:26 Scripts de inicialização ...ok!
2017-04-06 03:02:55 Scripts de inicialização ...ok!
2017-04-06 03:09:57 Scripts de inicialização ...ok!
2017-04-06 03:10:12 Scripts de inicialização ...ok!
2017-04-06 03:10:24 Scripts de inicialização ...ok!
2017-04-06 03:11:38 Scripts de inicialização ...ok!
2017-04-06 03:11:53 Scripts de inicialização ...ok!
2017-04-06 03:12:04 Scripts de inicialização ...ok!
2017-04-06 03:12:29 Scripts de inicialização ...ok!
2017-04-06 03:12:42 Scripts de inicialização ...ok!
2017-04-06 03:13:22 Scripts de inicialização ...ok!
2017-04-06 03:14:10 Scripts de inicialização ...ok!
2017-04-06 03:18:15 Scripts de inicialização ...ok!
2017-04-06 03:18:29 Scripts de inicialização ...ok!
2017-04-06 03:54:08 Scripts de inicialização ...ok!
2017-04-06 03:57:18 Scripts de inicialização ...ok!
2017-04-06 03:58:19 Scripts de inicialização ...ok!
2017-04-06 03:58:48 Scripts de inicialização ...ok!
2017-04-06 03:59:17 Scripts de inicialização ...ok!
2017-04-06 03:59:35 Scripts de inicialização ...ok!
2017-04-06 04:20:41 Scripts de inicialização ...ok!
2017-04-06 04:21:58 Scripts de inicialização ...ok!
2017-04-06 21:26:47 Scripts de inicialização ...ok!
2017-04-06 23:31:59 Scripts de inicialização ...ok!
2017-04-06 23:33:16 Scripts de inicialização ...ok!
2017-04-06 23:50:13 Scripts de inicialização ...ok!
2017-04-06 23:50:27 Scripts de inicialização ...ok!
2017-04-06 23:50:41 Scripts de inicialização ...ok!
2017-04-06 23:50:42 Scripts de inicialização ...ok!
2017-04-08 02:07:51 Scripts de inicialização ...ok!
2017-04-08 02:08:40 Scripts de inicialização ...ok!
2017-04-08 02:11:08 Scripts de inicialização ...ok!
2017-04-08 02:26:33 Scripts de inicialização ...ok!
2017-04-08 02:28:14 Scripts de inicialização ...ok!
2017-04-08 02:43:03 Scripts de inicialização ...ok!
2017-04-08 02:45:48 Scripts de inicialização ...ok!
2017-04-08 02:53:50 Scripts de inicialização ...ok!
2017-04-08 03:49:01 Scripts de inicialização ...ok!
2017-04-08 04:21:48 Scripts de inicialização ...ok!
2017-04-08 04:27:11 Scripts de inicialização ...ok!
2017-04-08 04:30:13 Scripts de inicialização ...ok!
2017-04-09 01:13:53 Scripts de inicialização ...ok!
2017-04-09 01:27:56 Scripts de inicialização ...ok!
2017-04-09 02:35:43 Scripts de inicialização ...ok!
2017-04-09 02:48:32 Scripts de inicialização ...ok!
2017-04-09 02:56:47 Scripts de inicialização ...ok!
2017-04-09 03:18:31 Scripts de inicialização ...ok!
2017-04-09 03:19:47 Scripts de inicialização ...ok!
2017-04-09 03:20:22 Scripts de inicialização ...ok!
2017-04-09 03:20:49 Scripts de inicialização ...ok!
2017-04-09 03:22:23 Scripts de inicialização ...ok!
2017-04-09 03:30:55 Scripts de inicialização ...ok!
2017-04-09 03:31:22 Scripts de inicialização ...ok!
2017-04-09 03:34:36 Scripts de inicialização ...ok!
2017-04-09 03:35:16 Scripts de inicialização ...ok!
2017-04-09 03:35:49 Scripts de inicialização ...ok!
2017-04-09 03:35:50 Scripts de inicialização ...ok!
2017-04-09 03:36:02 Scripts de inicialização ...ok!
2017-04-09 03:36:36 Scripts de inicialização ...ok!
2017-04-09 03:38:18 Scripts de inicialização ...ok!
2017-04-09 03:53:06 Scripts de inicialização ...ok!
2017-04-09 03:54:40 Scripts de inicialização ...ok!
2017-04-09 03:56:33 Scripts de inicialização ...ok!
2017-04-09 03:56:35 Scripts de inicialização ...ok!
2017-04-09 03:56:46 Scripts de inicialização ...ok!
2017-04-09 04:01:32 Scripts de inicialização ...ok!
2017-04-09 04:02:03 Scripts de inicialização ...ok!
2017-04-09 23:53:22 Scripts de inicialização ...ok!
2017-04-09 23:53:25 Scripts de inicialização ...ok!
2017-04-09 23:53:26 Scripts de inicialização ...ok!
2017-04-09 23:53:27 Scripts de inicialização ...ok!
2017-04-09 23:53:27 Scripts de inicialização ...ok!
2017-04-09 23:55:22 Scripts de inicialização ...ok!
2017-04-09 23:55:40 Scripts de inicialização ...ok!
2017-04-09 23:57:20 Scripts de inicialização ...ok!
2017-04-09 23:58:31 Scripts de inicialização ...ok!
2017-04-09 23:58:33 Scripts de inicialização ...ok!
2017-04-09 23:58:37 Scripts de inicialização ...ok!
2017-04-09 23:59:38 Scripts de inicialização ...ok!
2017-04-10 00:12:10 Scripts de inicialização ...ok!
2017-04-10 00:30:18 Scripts de inicialização ...ok!
2017-04-10 00:30:20 Scripts de inicialização ...ok!
2017-04-10 00:30:58 Scripts de inicialização ...ok!
2017-04-10 00:33:18 Scripts de inicialização ...ok!
2017-04-10 00:35:34 Scripts de inicialização ...ok!
2017-04-10 00:35:36 Scripts de inicialização ...ok!
2017-04-10 00:47:21 Scripts de inicialização ...ok!
2017-04-10 00:51:38 Scripts de inicialização ...ok!
2017-04-10 00:52:01 Scripts de inicialização ...ok!
2017-04-10 00:52:15 Scripts de inicialização ...ok!
2017-04-10 00:52:15 Scripts de inicialização ...ok!
2017-04-10 00:53:00 Scripts de inicialização ...ok!
2017-04-10 01:18:25 Scripts de inicialização ...ok!
2017-04-10 01:19:11 Scripts de inicialização ...ok!
2017-04-10 01:20:06 Scripts de inicialização ...ok!
2017-04-10 01:23:20 Scripts de inicialização ...ok!
2017-04-10 01:24:21 Scripts de inicialização ...ok!
2017-04-10 01:26:13 Scripts de inicialização ...ok!
2017-04-10 01:26:15 Scripts de inicialização ...ok!
2017-04-10 01:26:41 Scripts de inicialização ...ok!
2017-04-10 01:30:05 Scripts de inicialização ...ok!
2017-04-10 01:30:16 Scripts de inicialização ...ok!
2017-04-10 01:36:11 Scripts de inicialização ...ok!
2017-04-10 01:36:25 Scripts de inicialização ...ok!
2017-04-10 01:36:26 Scripts de inicialização ...ok!
2017-04-10 01:36:40 Scripts de inicialização ...ok!
2017-04-10 01:37:05 Scripts de inicialização ...ok!
2017-04-10 01:54:02 Scripts de inicialização ...ok!
2017-04-10 01:54:36 Scripts de inicialização ...ok!
2017-04-10 01:55:41 Scripts de inicialização ...ok!
2017-04-10 01:58:32 Scripts de inicialização ...ok!
2017-04-10 01:59:00 Scripts de inicialização ...ok!
2017-04-10 02:03:03 Scripts de inicialização ...ok!
2017-04-10 02:04:08 Scripts de inicialização ...ok!
2017-04-10 02:04:43 Scripts de inicialização ...ok!
2017-04-10 02:05:09 Scripts de inicialização ...ok!
2017-04-10 02:05:43 Scripts de inicialização ...ok!
2017-04-10 02:06:59 Scripts de inicialização ...ok!
2017-04-10 02:08:01 Scripts de inicialização ...ok!
2017-04-10 02:08:17 Scripts de inicialização ...ok!
2017-04-10 02:29:40 Scripts de inicialização ...ok!
2017-04-10 02:29:59 Scripts de inicialização ...ok!
2017-04-11 00:02:48 Scripts de inicialização ...ok!
2017-04-11 00:02:48 Scripts de inicialização ...ok!
2017-04-11 00:03:40 Scripts de inicialização ...ok!
2017-04-11 03:20:54 Scripts de inicialização ...ok!
2017-04-11 03:21:49 Scripts de inicialização ...ok!
2017-04-11 03:22:04 Scripts de inicialização ...ok!
2017-04-11 03:22:11 Scripts de inicialização ...ok!
2017-04-11 03:22:12 Scripts de inicialização ...ok!
2017-04-11 03:22:22 Scripts de inicialização ...ok!
2017-04-11 03:41:27 Scripts de inicialização ...ok!
2017-04-11 03:52:36 Scripts de inicialização ...ok!
2017-04-11 03:54:02 Scripts de inicialização ...ok!
2017-04-11 03:54:36 Scripts de inicialização ...ok!
2017-04-11 19:25:59 Scripts de inicialização ...ok!
2017-04-11 19:27:00 Scripts de inicialização ...ok!
2017-04-11 19:28:00 Scripts de inicialização ...ok!
2017-04-11 19:28:36 Scripts de inicialização ...ok!
2017-04-11 19:29:12 Scripts de inicialização ...ok!
2017-04-11 19:29:31 Scripts de inicialização ...ok!
2017-04-11 19:30:58 Scripts de inicialização ...ok!
2017-04-11 19:31:07 Scripts de inicialização ...ok!
2017-04-11 19:31:36 Scripts de inicialização ...ok!
2017-04-11 23:52:13 Scripts de inicialização ...ok!
2017-04-11 23:53:01 Scripts de inicialização ...ok!
2017-04-11 23:53:03 Scripts de inicialização ...ok!
2017-04-11 23:53:03 Scripts de inicialização ...ok!
2017-04-11 23:53:06 Scripts de inicialização ...ok!
2017-04-11 23:53:08 Scripts de inicialização ...ok!
2017-04-11 23:55:32 Scripts de inicialização ...ok!
2017-04-11 23:55:34 Scripts de inicialização ...ok!
2017-04-11 23:55:34 Scripts de inicialização ...ok!
2017-04-11 23:55:35 Scripts de inicialização ...ok!
2017-04-11 23:55:35 Scripts de inicialização ...ok!
